Building package...
Buildfile: /home/enric/apps/ubl/ubl-2.3/artefacts/produceUBLschemas.xml

make:
     [echo] gc2obdndr=20190320-0140z
     [echo] ods2obdgc=20180921-2010z
     [echo] gc2odsxml=20170727-0220z
     [echo] cvagcxsl=20130416-0040z
     [echo] cva2sch=20130207-1940z
     [echo] dir=./util/
     [echo] utilitydir=./util/
     [echo] thisdir=/home/enric/apps/ubl/ubl-2.3/artefacts
     [echo] workdir=./work/
     [echo] rawdir=pre-award-raw-20181027-1910z
     [echo] UBLversion=2.3
     [echo] abieExtensions=yes
     [echo] stage=Pre-award
     [echo] version=2.3
     [echo] datetimelocal=20190330-11700z

-ods2gc:

-ods2gc:
     [echo] Parallel operation follows (messages may be mixed)

-gc2ods:

-gc2ndr-check-only:
     [echo] Checking "UBL-Entities-2.3.gc" GC file against NDR and old "UBL-Entities-2.2.gc" to create "check-ubl-2.3-Pre-award-ubl-2.2.html"...

-gc2ods:

-ods2xls:
     [echo] Need to rebuild Pre-award-2.3/mod/UBL-Signature-Entities-2.3.xls from Pre-award-2.3/mod/UBL-Signature-Entities-2.3.ods...
     [exec] javaldx failed!
     [exec] Warning: failed to read path from javaldx
     [echo] Spell-checking the resulting word list (run aspell -p /home/enric/apps/ubl/ubl-2.3/artefacts/aspellDictUBL.txt check wordlist-UBL-2.3.txt if abend)...
     [exec] Error: No word lists can be found for the language "ca_ES".

-gc2ndr:

-gc2ndr-check-only:
     [echo] Checking "UBL-Entities-2.3.gc" GC file against NDR and old "UBL-Entities-2.2.gc" to create "check-ubl-2.3-Pre-award-ubl-2.2.html"...
     [echo] Spell-checking the resulting word list (run aspell -p /home/enric/apps/ubl/ubl-2.3/artefacts/aspellDictUBL.txt check wordlist-UBL-2.3.txt if abend)...
     [exec] Error: No word lists can be found for the language "ca_ES".
     [echo] Creating CVA/XSD from "UBL-Entities-2.3.gc" GC file...
     [java] Creating cva/UBL-DefaultDTQ-2.3-Pre-award.cva ...
     [java] Creating xsd/maindoc/UBL-ApplicationResponse-2.3-Pre-award.xsd ...
     [java] Creating xsd/maindoc/UBL-AttachedDocument-2.3-Pre-award.xsd ...
     [java] Creating xsd/maindoc/UBL-AwardedNotification-2.3-Pre-award.xsd ...
     [java] Creating xsd/maindoc/UBL-BillOfLading-2.3-Pre-award.xsd ...
     [java] Creating xsd/maindoc/UBL-BusinessCard-2.3-Pre-award.xsd ...
     [java] Creating xsd/maindoc/UBL-CallForTenders-2.3-Pre-award.xsd ...
     [java] Creating xsd/maindoc/UBL-Catalogue-2.3-Pre-award.xsd ...
     [java] Creating xsd/maindoc/UBL-CatalogueDeletion-2.3-Pre-award.xsd ...
     [java] Creating xsd/maindoc/UBL-CatalogueItemSpecificationUpdate-2.3-Pre-award.xsd ...
     [java] Creating xsd/maindoc/UBL-CataloguePricingUpdate-2.3-Pre-award.xsd ...
     [java] Creating xsd/maindoc/UBL-CatalogueRequest-2.3-Pre-award.xsd ...
     [java] Creating xsd/maindoc/UBL-CertificateOfOrigin-2.3-Pre-award.xsd ...
     [java] Creating xsd/maindoc/UBL-ContractAwardNotice-2.3-Pre-award.xsd ...
     [java] Creating xsd/maindoc/UBL-CreditNote-2.3-Pre-award.xsd ...
     [java] Creating xsd/maindoc/UBL-ContractNotice-2.3-Pre-award.xsd ...
     [java] Creating xsd/maindoc/UBL-DebitNote-2.3-Pre-award.xsd ...
     [java] Creating xsd/maindoc/UBL-DespatchAdvice-2.3-Pre-award.xsd ...
     [java] Creating xsd/maindoc/UBL-DigitalAgreement-2.3-Pre-award.xsd ...
     [java] Creating xsd/maindoc/UBL-DigitalCapability-2.3-Pre-award.xsd ...
     [java] Creating xsd/maindoc/UBL-DocumentStatus-2.3-Pre-award.xsd ...
     [java] Creating xsd/maindoc/UBL-DocumentStatusRequest-2.3-Pre-award.xsd ...
     [java] Creating xsd/maindoc/UBL-Enquiry-2.3-Pre-award.xsd ...
     [java] Creating xsd/maindoc/UBL-EnquiryResponse-2.3-Pre-award.xsd ...
     [java] Creating xsd/maindoc/UBL-ExceptionCriteria-2.3-Pre-award.xsd ...
     [java] Creating xsd/maindoc/UBL-ExceptionNotification-2.3-Pre-award.xsd ...
     [java] Creating xsd/maindoc/UBL-ExpressionOfInterestRequest-2.3-Pre-award.xsd ...
     [java] Creating xsd/maindoc/UBL-ExpressionOfInterestResponse-2.3-Pre-award.xsd ...
     [java] Creating xsd/maindoc/UBL-Forecast-2.3-Pre-award.xsd ...
     [java] Creating xsd/maindoc/UBL-ForecastRevision-2.3-Pre-award.xsd ...
     [java] Creating xsd/maindoc/UBL-ForwardingInstructions-2.3-Pre-award.xsd ...
     [java] Creating xsd/maindoc/UBL-FreightInvoice-2.3-Pre-award.xsd ...
     [java] Creating xsd/maindoc/UBL-FulfilmentCancellation-2.3-Pre-award.xsd ...
     [java] Creating xsd/maindoc/UBL-GoodsItemItinerary-2.3-Pre-award.xsd ...
     [java] Creating xsd/maindoc/UBL-GuaranteeCertificate-2.3-Pre-award.xsd ...
     [java] Creating xsd/maindoc/UBL-InstructionForReturns-2.3-Pre-award.xsd ...
     [java] Creating xsd/maindoc/UBL-InventoryReport-2.3-Pre-award.xsd ...
     [java] Creating xsd/maindoc/UBL-Invoice-2.3-Pre-award.xsd ...
     [java] Creating xsd/maindoc/UBL-ItemInformationRequest-2.3-Pre-award.xsd ...
     [java] Creating xsd/maindoc/UBL-Order-2.3-Pre-award.xsd ...
     [java] Creating xsd/maindoc/UBL-OrderCancellation-2.3-Pre-award.xsd ...
     [java] Creating xsd/maindoc/UBL-OrderChange-2.3-Pre-award.xsd ...
     [java] Creating xsd/maindoc/UBL-OrderResponse-2.3-Pre-award.xsd ...
     [java] Creating xsd/maindoc/UBL-OrderResponseSimple-2.3-Pre-award.xsd ...
     [java] Creating xsd/maindoc/UBL-PackingList-2.3-Pre-award.xsd ...
     [java] Creating xsd/maindoc/UBL-PriorInformationNotice-2.3-Pre-award.xsd ...
     [java] Creating xsd/maindoc/UBL-ProductActivity-2.3-Pre-award.xsd ...
     [java] Creating xsd/maindoc/UBL-QualificationApplicationRequest-2.3-Pre-award.xsd ...
     [java] Creating xsd/maindoc/UBL-QualificationApplicationResponse-2.3-Pre-award.xsd ...
     [java] Creating xsd/maindoc/UBL-Quotation-2.3-Pre-award.xsd ...
     [java] Creating xsd/maindoc/UBL-ReceiptAdvice-2.3-Pre-award.xsd ...
     [java] Creating xsd/maindoc/UBL-Reminder-2.3-Pre-award.xsd ...
     [java] Creating xsd/maindoc/UBL-RemittanceAdvice-2.3-Pre-award.xsd ...
     [java] Creating xsd/maindoc/UBL-RequestForQuotation-2.3-Pre-award.xsd ...
     [java] Creating xsd/maindoc/UBL-RetailEvent-2.3-Pre-award.xsd ...
     [java] Creating xsd/maindoc/UBL-SelfBilledCreditNote-2.3-Pre-award.xsd ...
     [java] Creating xsd/maindoc/UBL-SelfBilledInvoice-2.3-Pre-award.xsd ...
     [java] Creating xsd/maindoc/UBL-Statement-2.3-Pre-award.xsd ...
     [java] Creating xsd/maindoc/UBL-StockAvailabilityReport-2.3-Pre-award.xsd ...
     [java] Creating xsd/maindoc/UBL-Tender-2.3-Pre-award.xsd ...
     [java] Creating xsd/maindoc/UBL-TenderContract-2.3-Pre-award.xsd ...
     [java] Creating xsd/maindoc/UBL-TenderReceipt-2.3-Pre-award.xsd ...
     [java] Creating xsd/maindoc/UBL-TenderStatus-2.3-Pre-award.xsd ...
     [java] Creating xsd/maindoc/UBL-TenderStatusRequest-2.3-Pre-award.xsd ...
     [java] Creating xsd/maindoc/UBL-TenderWithdrawal-2.3-Pre-award.xsd ...
     [java] Creating xsd/maindoc/UBL-TendererQualification-2.3-Pre-award.xsd ...
     [java] Creating xsd/maindoc/UBL-TendererQualificationResponse-2.3-Pre-award.xsd ...
     [java] Creating xsd/maindoc/UBL-TradeItemLocationProfile-2.3-Pre-award.xsd ...
     [java] Creating xsd/maindoc/UBL-TransportExecutionPlan-2.3-Pre-award.xsd ...
     [java] Creating xsd/maindoc/UBL-TransportExecutionPlanRequest-2.3-Pre-award.xsd ...
     [java] Creating xsd/maindoc/UBL-TransportProgressStatus-2.3-Pre-award.xsd ...
     [java] Creating xsd/maindoc/UBL-TransportProgressStatusRequest-2.3-Pre-award.xsd ...
     [java] Creating xsd/maindoc/UBL-TransportServiceDescription-2.3-Pre-award.xsd ...
     [java] Creating xsd/maindoc/UBL-TransportServiceDescriptionRequest-2.3-Pre-award.xsd ...
     [java] Creating xsd/maindoc/UBL-TransportationStatus-2.3-Pre-award.xsd ...
     [java] Creating xsd/maindoc/UBL-TransportationStatusRequest-2.3-Pre-award.xsd ...
     [java] Creating xsd/maindoc/UBL-UnawardedNotification-2.3-Pre-award.xsd ...
     [java] Creating xsd/maindoc/UBL-UnsubscribeFromProcedureRequest-2.3-Pre-award.xsd ...
     [java] Creating xsd/maindoc/UBL-UnsubscribeFromProcedureResponse-2.3-Pre-award.xsd ...
     [java] Creating xsd/maindoc/UBL-UtilityStatement-2.3-Pre-award.xsd ...
     [java] Creating xsd/maindoc/UBL-Waybill-2.3-Pre-award.xsd ...
     [java] Creating xsd/maindoc/UBL-WeightStatement-2.3-Pre-award.xsd ...
     [java] Creating json-schema/maindoc/UBL-ApplicationResponse-2.3-Pre-award.json ...
     [java] Creating json-schema/maindoc/UBL-AttachedDocument-2.3-Pre-award.json ...
     [java] Creating json-schema/maindoc/UBL-AwardedNotification-2.3-Pre-award.json ...
     [java] Creating json-schema/maindoc/UBL-BillOfLading-2.3-Pre-award.json ...
     [java] Creating json-schema/maindoc/UBL-BusinessCard-2.3-Pre-award.json ...
     [java] Creating json-schema/maindoc/UBL-CallForTenders-2.3-Pre-award.json ...
     [java] Creating json-schema/maindoc/UBL-Catalogue-2.3-Pre-award.json ...
     [java] Creating json-schema/maindoc/UBL-CatalogueDeletion-2.3-Pre-award.json ...
     [java] Creating json-schema/maindoc/UBL-CatalogueItemSpecificationUpdate-2.3-Pre-award.json ...
     [java] Creating json-schema/maindoc/UBL-CataloguePricingUpdate-2.3-Pre-award.json ...
     [java] Creating json-schema/maindoc/UBL-CatalogueRequest-2.3-Pre-award.json ...
     [java] Creating json-schema/maindoc/UBL-CertificateOfOrigin-2.3-Pre-award.json ...
     [java] Creating json-schema/maindoc/UBL-ContractAwardNotice-2.3-Pre-award.json ...
     [java] Creating json-schema/maindoc/UBL-CreditNote-2.3-Pre-award.json ...
     [java] Creating json-schema/maindoc/UBL-ContractNotice-2.3-Pre-award.json ...
     [java] Creating json-schema/maindoc/UBL-DebitNote-2.3-Pre-award.json ...
     [java] Creating json-schema/maindoc/UBL-DespatchAdvice-2.3-Pre-award.json ...
     [java] Creating json-schema/maindoc/UBL-DigitalAgreement-2.3-Pre-award.json ...
     [java] Creating json-schema/maindoc/UBL-DigitalCapability-2.3-Pre-award.json ...
     [java] Creating json-schema/maindoc/UBL-DocumentStatus-2.3-Pre-award.json ...
     [java] Creating json-schema/maindoc/UBL-DocumentStatusRequest-2.3-Pre-award.json ...
     [java] Creating json-schema/maindoc/UBL-Enquiry-2.3-Pre-award.json ...
     [java] Creating json-schema/maindoc/UBL-EnquiryResponse-2.3-Pre-award.json ...
     [java] Creating json-schema/maindoc/UBL-ExceptionCriteria-2.3-Pre-award.json ...
     [java] Creating json-schema/maindoc/UBL-ExceptionNotification-2.3-Pre-award.json ...
     [java] Creating json-schema/maindoc/UBL-ExpressionOfInterestRequest-2.3-Pre-award.json ...
     [java] Creating json-schema/maindoc/UBL-ExpressionOfInterestResponse-2.3-Pre-award.json ...
     [java] Creating json-schema/maindoc/UBL-Forecast-2.3-Pre-award.json ...
     [java] Creating json-schema/maindoc/UBL-ForecastRevision-2.3-Pre-award.json ...
     [java] Creating json-schema/maindoc/UBL-ForwardingInstructions-2.3-Pre-award.json ...
     [java] Creating json-schema/maindoc/UBL-FreightInvoice-2.3-Pre-award.json ...
     [java] Creating json-schema/maindoc/UBL-FulfilmentCancellation-2.3-Pre-award.json ...
     [java] Creating json-schema/maindoc/UBL-GoodsItemItinerary-2.3-Pre-award.json ...
     [java] Creating json-schema/maindoc/UBL-GuaranteeCertificate-2.3-Pre-award.json ...
     [java] Creating json-schema/maindoc/UBL-InstructionForReturns-2.3-Pre-award.json ...
     [java] Creating json-schema/maindoc/UBL-InventoryReport-2.3-Pre-award.json ...
     [java] Creating json-schema/maindoc/UBL-Invoice-2.3-Pre-award.json ...
     [java] Creating json-schema/maindoc/UBL-ItemInformationRequest-2.3-Pre-award.json ...
     [java] Creating json-schema/maindoc/UBL-Order-2.3-Pre-award.json ...
     [java] Creating json-schema/maindoc/UBL-OrderCancellation-2.3-Pre-award.json ...
     [java] Creating json-schema/maindoc/UBL-OrderChange-2.3-Pre-award.json ...
     [java] Creating json-schema/maindoc/UBL-OrderResponse-2.3-Pre-award.json ...
     [java] Creating json-schema/maindoc/UBL-OrderResponseSimple-2.3-Pre-award.json ...
     [java] Creating json-schema/maindoc/UBL-PackingList-2.3-Pre-award.json ...
     [java] Creating json-schema/maindoc/UBL-PriorInformationNotice-2.3-Pre-award.json ...
     [java] Creating json-schema/maindoc/UBL-ProductActivity-2.3-Pre-award.json ...
     [java] Creating json-schema/maindoc/UBL-QualificationApplicationRequest-2.3-Pre-award.json ...
     [java] Creating json-schema/maindoc/UBL-QualificationApplicationResponse-2.3-Pre-award.json ...
     [java] Creating json-schema/maindoc/UBL-Quotation-2.3-Pre-award.json ...
     [java] Creating json-schema/maindoc/UBL-ReceiptAdvice-2.3-Pre-award.json ...
     [java] Creating json-schema/maindoc/UBL-Reminder-2.3-Pre-award.json ...
     [java] Creating json-schema/maindoc/UBL-RemittanceAdvice-2.3-Pre-award.json ...
     [java] Creating json-schema/maindoc/UBL-RequestForQuotation-2.3-Pre-award.json ...
     [java] Creating json-schema/maindoc/UBL-RetailEvent-2.3-Pre-award.json ...
     [java] Creating json-schema/maindoc/UBL-SelfBilledCreditNote-2.3-Pre-award.json ...
     [java] Creating json-schema/maindoc/UBL-SelfBilledInvoice-2.3-Pre-award.json ...
     [java] Creating json-schema/maindoc/UBL-Statement-2.3-Pre-award.json ...
     [java] Creating json-schema/maindoc/UBL-StockAvailabilityReport-2.3-Pre-award.json ...
     [java] Creating json-schema/maindoc/UBL-Tender-2.3-Pre-award.json ...
     [java] Creating json-schema/maindoc/UBL-TenderContract-2.3-Pre-award.json ...
     [java] Creating json-schema/maindoc/UBL-TenderReceipt-2.3-Pre-award.json ...
     [java] Creating json-schema/maindoc/UBL-TenderStatus-2.3-Pre-award.json ...
     [java] Creating json-schema/maindoc/UBL-TenderStatusRequest-2.3-Pre-award.json ...
     [java] Creating json-schema/maindoc/UBL-TenderWithdrawal-2.3-Pre-award.json ...
     [java] Creating json-schema/maindoc/UBL-TendererQualification-2.3-Pre-award.json ...
     [java] Creating json-schema/maindoc/UBL-TendererQualificationResponse-2.3-Pre-award.json ...
     [java] Creating json-schema/maindoc/UBL-TradeItemLocationProfile-2.3-Pre-award.json ...
     [java] Creating json-schema/maindoc/UBL-TransportExecutionPlan-2.3-Pre-award.json ...
     [java] Creating json-schema/maindoc/UBL-TransportExecutionPlanRequest-2.3-Pre-award.json ...
     [java] Creating json-schema/maindoc/UBL-TransportProgressStatus-2.3-Pre-award.json ...
     [java] Creating json-schema/maindoc/UBL-TransportProgressStatusRequest-2.3-Pre-award.json ...
     [java] Creating json-schema/maindoc/UBL-TransportServiceDescription-2.3-Pre-award.json ...
     [java] Creating json-schema/maindoc/UBL-TransportServiceDescriptionRequest-2.3-Pre-award.json ...
     [java] Creating json-schema/maindoc/UBL-TransportationStatus-2.3-Pre-award.json ...
     [java] Creating json-schema/maindoc/UBL-TransportationStatusRequest-2.3-Pre-award.json ...
     [java] Creating json-schema/maindoc/UBL-UnawardedNotification-2.3-Pre-award.json ...
     [java] Creating json-schema/maindoc/UBL-UnsubscribeFromProcedureRequest-2.3-Pre-award.json ...
     [java] Creating json-schema/maindoc/UBL-UnsubscribeFromProcedureResponse-2.3-Pre-award.json ...
     [java] Creating json-schema/maindoc/UBL-UtilityStatement-2.3-Pre-award.json ...
     [java] Creating json-schema/maindoc/UBL-Waybill-2.3-Pre-award.json ...
     [java] Creating json-schema/maindoc/UBL-WeightStatement-2.3-Pre-award.json ...
     [java] Creating xsd/common/UBL-CommonAggregateComponents-2.3-Pre-award.xsd ...
     [java] Creating json-schema/common/UBL-CommonAggregateComponents-2.3-Pre-award.json ...
     [java] Creating xsd/common/UBL-CommonBasicComponents-2.3-Pre-award.xsd ...
     [java] Creating json-schema/common/UBL-CommonBasicComponents-2.3-Pre-award.json ...
     [java] Creating xsd/common/UBL-QualifiedDataTypes-2.3-Pre-award.xsd ...
     [java] Creating json-schema/common/UBL-QualifiedDataTypes-2.3-Pre-award.json ...
     [java] Creating xsdrt/maindoc/UBL-ApplicationResponse-2.3-Pre-award.xsd ...
     [java] Creating xsdrt/maindoc/UBL-AttachedDocument-2.3-Pre-award.xsd ...
     [java] Creating xsdrt/maindoc/UBL-AwardedNotification-2.3-Pre-award.xsd ...
     [java] Creating xsdrt/maindoc/UBL-BillOfLading-2.3-Pre-award.xsd ...
     [java] Creating xsdrt/maindoc/UBL-BusinessCard-2.3-Pre-award.xsd ...
     [java] Creating xsdrt/maindoc/UBL-CallForTenders-2.3-Pre-award.xsd ...
     [java] Creating xsdrt/maindoc/UBL-Catalogue-2.3-Pre-award.xsd ...
     [java] Creating xsdrt/maindoc/UBL-CatalogueDeletion-2.3-Pre-award.xsd ...
     [java] Creating xsdrt/maindoc/UBL-CatalogueItemSpecificationUpdate-2.3-Pre-award.xsd ...
     [java] Creating xsdrt/maindoc/UBL-CataloguePricingUpdate-2.3-Pre-award.xsd ...
     [java] Creating xsdrt/maindoc/UBL-CatalogueRequest-2.3-Pre-award.xsd ...
     [java] Creating xsdrt/maindoc/UBL-CertificateOfOrigin-2.3-Pre-award.xsd ...
     [java] Creating xsdrt/maindoc/UBL-ContractAwardNotice-2.3-Pre-award.xsd ...
     [java] Creating xsdrt/maindoc/UBL-CreditNote-2.3-Pre-award.xsd ...
     [java] Creating xsdrt/maindoc/UBL-ContractNotice-2.3-Pre-award.xsd ...
     [java] Creating xsdrt/maindoc/UBL-DebitNote-2.3-Pre-award.xsd ...
     [java] Creating xsdrt/maindoc/UBL-DespatchAdvice-2.3-Pre-award.xsd ...
     [java] Creating xsdrt/maindoc/UBL-DigitalAgreement-2.3-Pre-award.xsd ...
     [java] Creating xsdrt/maindoc/UBL-DigitalCapability-2.3-Pre-award.xsd ...
     [java] Creating xsdrt/maindoc/UBL-DocumentStatus-2.3-Pre-award.xsd ...
     [java] Creating xsdrt/maindoc/UBL-DocumentStatusRequest-2.3-Pre-award.xsd ...
     [java] Creating xsdrt/maindoc/UBL-Enquiry-2.3-Pre-award.xsd ...
     [java] Creating xsdrt/maindoc/UBL-EnquiryResponse-2.3-Pre-award.xsd ...
     [java] Creating xsdrt/maindoc/UBL-ExceptionCriteria-2.3-Pre-award.xsd ...
     [java] Creating xsdrt/maindoc/UBL-ExceptionNotification-2.3-Pre-award.xsd ...
     [java] Creating xsdrt/maindoc/UBL-ExpressionOfInterestRequest-2.3-Pre-award.xsd ...
     [java] Creating xsdrt/maindoc/UBL-ExpressionOfInterestResponse-2.3-Pre-award.xsd ...
     [java] Creating xsdrt/maindoc/UBL-Forecast-2.3-Pre-award.xsd ...
     [java] Creating xsdrt/maindoc/UBL-ForecastRevision-2.3-Pre-award.xsd ...
     [java] Creating xsdrt/maindoc/UBL-ForwardingInstructions-2.3-Pre-award.xsd ...
     [java] Creating xsdrt/maindoc/UBL-FreightInvoice-2.3-Pre-award.xsd ...
     [java] Creating xsdrt/maindoc/UBL-FulfilmentCancellation-2.3-Pre-award.xsd ...
     [java] Creating xsdrt/maindoc/UBL-GoodsItemItinerary-2.3-Pre-award.xsd ...
     [java] Creating xsdrt/maindoc/UBL-GuaranteeCertificate-2.3-Pre-award.xsd ...
     [java] Creating xsdrt/maindoc/UBL-InstructionForReturns-2.3-Pre-award.xsd ...
     [java] Creating xsdrt/maindoc/UBL-InventoryReport-2.3-Pre-award.xsd ...
     [java] Creating xsdrt/maindoc/UBL-Invoice-2.3-Pre-award.xsd ...
     [java] Creating xsdrt/maindoc/UBL-ItemInformationRequest-2.3-Pre-award.xsd ...
     [java] Creating xsdrt/maindoc/UBL-Order-2.3-Pre-award.xsd ...
     [java] Creating xsdrt/maindoc/UBL-OrderCancellation-2.3-Pre-award.xsd ...
     [java] Creating xsdrt/maindoc/UBL-OrderChange-2.3-Pre-award.xsd ...
     [java] Creating xsdrt/maindoc/UBL-OrderResponse-2.3-Pre-award.xsd ...
     [java] Creating xsdrt/maindoc/UBL-OrderResponseSimple-2.3-Pre-award.xsd ...
     [java] Creating xsdrt/maindoc/UBL-PackingList-2.3-Pre-award.xsd ...
     [java] Creating xsdrt/maindoc/UBL-PriorInformationNotice-2.3-Pre-award.xsd ...
     [java] Creating xsdrt/maindoc/UBL-ProductActivity-2.3-Pre-award.xsd ...
     [java] Creating xsdrt/maindoc/UBL-QualificationApplicationRequest-2.3-Pre-award.xsd ...
     [java] Creating xsdrt/maindoc/UBL-QualificationApplicationResponse-2.3-Pre-award.xsd ...
     [java] Creating xsdrt/maindoc/UBL-Quotation-2.3-Pre-award.xsd ...
     [java] Creating xsdrt/maindoc/UBL-ReceiptAdvice-2.3-Pre-award.xsd ...
     [java] Creating xsdrt/maindoc/UBL-Reminder-2.3-Pre-award.xsd ...
     [java] Creating xsdrt/maindoc/UBL-RemittanceAdvice-2.3-Pre-award.xsd ...
     [java] Creating xsdrt/maindoc/UBL-RequestForQuotation-2.3-Pre-award.xsd ...
     [java] Creating xsdrt/maindoc/UBL-RetailEvent-2.3-Pre-award.xsd ...
     [java] Creating xsdrt/maindoc/UBL-SelfBilledCreditNote-2.3-Pre-award.xsd ...
     [java] Creating xsdrt/maindoc/UBL-SelfBilledInvoice-2.3-Pre-award.xsd ...
     [java] Creating xsdrt/maindoc/UBL-Statement-2.3-Pre-award.xsd ...
     [java] Creating xsdrt/maindoc/UBL-StockAvailabilityReport-2.3-Pre-award.xsd ...
     [java] Creating xsdrt/maindoc/UBL-Tender-2.3-Pre-award.xsd ...
     [java] Creating xsdrt/maindoc/UBL-TenderContract-2.3-Pre-award.xsd ...
     [java] Creating xsdrt/maindoc/UBL-TenderReceipt-2.3-Pre-award.xsd ...
     [java] Creating xsdrt/maindoc/UBL-TenderStatus-2.3-Pre-award.xsd ...
     [java] Creating xsdrt/maindoc/UBL-TenderStatusRequest-2.3-Pre-award.xsd ...
     [java] Creating xsdrt/maindoc/UBL-TenderWithdrawal-2.3-Pre-award.xsd ...
     [java] Creating xsdrt/maindoc/UBL-TendererQualification-2.3-Pre-award.xsd ...
     [java] Creating xsdrt/maindoc/UBL-TendererQualificationResponse-2.3-Pre-award.xsd ...
     [java] Creating xsdrt/maindoc/UBL-TradeItemLocationProfile-2.3-Pre-award.xsd ...
     [java] Creating xsdrt/maindoc/UBL-TransportExecutionPlan-2.3-Pre-award.xsd ...
     [java] Creating xsdrt/maindoc/UBL-TransportExecutionPlanRequest-2.3-Pre-award.xsd ...
     [java] Creating xsdrt/maindoc/UBL-TransportProgressStatus-2.3-Pre-award.xsd ...
     [java] Creating xsdrt/maindoc/UBL-TransportProgressStatusRequest-2.3-Pre-award.xsd ...
     [java] Creating xsdrt/maindoc/UBL-TransportServiceDescription-2.3-Pre-award.xsd ...
     [java] Creating xsdrt/maindoc/UBL-TransportServiceDescriptionRequest-2.3-Pre-award.xsd ...
     [java] Creating xsdrt/maindoc/UBL-TransportationStatus-2.3-Pre-award.xsd ...
     [java] Creating xsdrt/maindoc/UBL-TransportationStatusRequest-2.3-Pre-award.xsd ...
     [java] Creating xsdrt/maindoc/UBL-UnawardedNotification-2.3-Pre-award.xsd ...
     [java] Creating xsdrt/maindoc/UBL-UnsubscribeFromProcedureRequest-2.3-Pre-award.xsd ...
     [java] Creating xsdrt/maindoc/UBL-UnsubscribeFromProcedureResponse-2.3-Pre-award.xsd ...
     [java] Creating xsdrt/maindoc/UBL-UtilityStatement-2.3-Pre-award.xsd ...
     [java] Creating xsdrt/maindoc/UBL-Waybill-2.3-Pre-award.xsd ...
     [java] Creating xsdrt/maindoc/UBL-WeightStatement-2.3-Pre-award.xsd ...
     [java] Creating xsdrt/common/UBL-CommonAggregateComponents-2.3-Pre-award.xsd ...
     [java] Creating xsdrt/common/UBL-CommonBasicComponents-2.3-Pre-award.xsd ...
     [java] Creating xsdrt/common/UBL-QualifiedDataTypes-2.3-Pre-award.xsd ...

-cva2xsl:
     [echo] Creating CVA documentation from "Pre-award-2.3/cva/UBL-DefaultDTQ-2.3.cva" CVA file...
     [echo] Creating XSL validation from "Pre-award-2.3/cva/UBL-DefaultDTQ-2.3.cva" CVA file...
   [delete] Deleting: /home/enric/apps/ubl/ubl-2.3/artefacts/Pre-award-2.3/cva/UBL-DefaultDTQ-2.3.pattern.sch
   [delete] Deleting: /home/enric/apps/ubl/ubl-2.3/artefacts/Pre-award-2.3/cva/UBL-DefaultDTQ-2.3-shell.sch
   [delete] Deleting: /home/enric/apps/ubl/ubl-2.3/artefacts/Pre-award-2.3/cva/UBL-DefaultDTQ-2.3-shell.sch.temp.sch
   [delete] Deleting: /home/enric/apps/ubl/ubl-2.3/artefacts/Pre-award-2.3/cva/UBL-DefaultDTQ-2.3.cva.temp.xsl
     [echo] Completed creating CVA/XSD artefacts

-gc2ndrExt:
     [echo] Checking "UBL-Signature-Entities-2.3.gc" GC file against NDR...
     [echo] Spell-checking the resulting word list (run "aspell -p ./aspellDictUBL.txt check wordlist-UBL-signature-2.3.txt" if abend)...
     [exec] Error: No word lists can be found for the language "ca_ES".
     [echo] Creating CVA/XSD extension from "UBL-Signature-Entities-2.3.gc" GC file...
     [java] Creating xsd/common/UBL-CommonSignatureComponents-2.3.xsd ...
     [java] Creating xsd/common/UBL-SignatureAggregateComponents-2.3.xsd ...
     [java] Creating xsd/common/UBL-SignatureBasicComponents-2.3.xsd ...
     [java] Creating xsdrt/common/UBL-CommonSignatureComponents-2.3.xsd ...
     [java] Creating xsdrt/common/UBL-SignatureAggregateComponents-2.3.xsd ...
     [java] Creating xsdrt/common/UBL-SignatureBasicComponents-2.3.xsd ...
